<?xml version="1.0" encoding="UTF-8"?>
<!-- Generated by org.testng.reporters.JUnitReportReporter -->
<testsuite skipped="0" hostname="Mano" name="org.runner.TestRunner" tests="1" failures="0" timestamp="29 Apr 2022 17:29:01 GMT" time="22.842" errors="0">
  <testcase name="runScenario" time="22.842" classname="org.runner.TestRunner"/>
</testsuite> <!-- org.runner.TestRunner -->
